2012-03-17 02:32:09,722 - [INFO] - from play in main 
Listening for HTTP on port 9000...

2012-03-17 02:32:13,712 - [INFO] - from play in play-akka.actor.default-dispatcher-2 
database [default] connected at jdbc:mysql://localhost/thesolidaritynetwork

2012-03-17 02:32:14,001 - [INFO] - from play in play-akka.actor.default-dispatcher-2 
Application started (Dev)

2012-03-17 02:32:45,634 - [INFO] - from play in play-akka.actor.default-dispatcher-4 
database [default] connected at jdbc:mysql://localhost/thesolidaritynetwork

2012-03-17 02:32:45,640 - [INFO] - from play in play-akka.actor.default-dispatcher-4 
Application started (Dev)

2012-03-17 02:40:11,586 - [INFO] - from play in play-akka.actor.default-dispatcher-5 
database [default] connected at jdbc:mysql://localhost/thesolidaritynetwork

2012-03-17 02:40:11,595 - [INFO] - from play in play-akka.actor.default-dispatcher-5 
Application started (Dev)

2012-03-17 02:47:01,189 - [ERROR] - from application in New I/O server worker #1-3 


! Internal server error, for request [GET /register] ->

sbt.PlayExceptions$CompilationException: Compilation error [value raw is not a member of String]
	at sbt.PlayReloader$$anon$2$$anonfun$reload$3$$anonfun$2$$anonfun$apply$11$$anonfun$apply$12.apply(PlayReloader.scala:224) ~[na:na]
	at sbt.PlayReloader$$anon$2$$anonfun$reload$3$$anonfun$2$$anonfun$apply$11$$anonfun$apply$12.apply(PlayReloader.scala:224) ~[na:na]
	at scala.Option.map(Option.scala:133) ~[scala-library.jar:0.11.2]
	at sbt.PlayReloader$$anon$2$$anonfun$reload$3$$anonfun$2$$anonfun$apply$11.apply(PlayReloader.scala:224) ~[na:na]
	at sbt.PlayReloader$$anon$2$$anonfun$reload$3$$anonfun$2$$anonfun$apply$11.apply(PlayReloader.scala:221) ~[na:na]
	at scala.Option.map(Option.scala:133) ~[scala-library.jar:0.11.2]
	at sbt.PlayReloader$$anon$2$$anonfun$reload$3$$anonfun$2.apply(PlayReloader.scala:221) ~[na:na]
	at sbt.PlayReloader$$anon$2$$anonfun$reload$3$$anonfun$2.apply(PlayReloader.scala:219) ~[na:na]
	at scala.Either$LeftProjection.map(Either.scala:183) ~[scala-library.jar:0.11.2]
	at sbt.PlayReloader$$anon$2$$anonfun$reload$3.apply(PlayReloader.scala:219) ~[na:na]
	at sbt.PlayReloader$$anon$2$$anonfun$reload$3.apply(PlayReloader.scala:214) ~[na:na]
	at scala.Option.getOrElse(Option.scala:108) ~[scala-library.jar:0.11.2]
	at sbt.PlayReloader$$anon$2.reload(PlayReloader.scala:214) ~[na:na]
	at play.core.ReloadableApplication$$anonfun$get$1.apply(ApplicationProvider.scala:110) ~[play_2.9.1.jar:2.0]
	at play.core.ReloadableApplication$$anonfun$get$1.apply(ApplicationProvider.scala:110) ~[play_2.9.1.jar:2.0]
	at akka.dispatch.Future$$anon$3.liftedTree1$1(Future.scala:195) ~[akka-actor.jar:2.0]
	at akka.dispatch.Future$$anon$3.run(Future.scala:194) ~[akka-actor.jar:2.0]
	at akka.dispatch.TaskInvocation.run(AbstractDispatcher.scala:83) ~[akka-actor.jar:2.0]
	at akka.jsr166y.ForkJoinTask$AdaptedRunnableAction.exec(ForkJoinTask.java:1381) ~[akka-actor.jar:2.0]
	at akka.jsr166y.ForkJoinTask.doExec(ForkJoinTask.java:259) ~[akka-actor.jar:2.0]
	at akka.jsr166y.ForkJoinPool$WorkQueue.runTask(ForkJoinPool.java:997) ~[akka-actor.jar:2.0]
	at akka.jsr166y.ForkJoinPool.runWorker(ForkJoinPool.java:1495) ~[akka-actor.jar:2.0]
	at akka.jsr166y.ForkJoinWorkerThread.run(ForkJoinWorkerThread.java:104) ~[akka-actor.jar:2.0]

2012-03-17 02:51:00,721 - [INFO] - from play in play-akka.actor.default-dispatcher-9 
database [default] connected at jdbc:mysql://localhost/thesolidaritynetwork

2012-03-17 02:51:00,727 - [INFO] - from play in play-akka.actor.default-dispatcher-9 
Application started (Dev)

2012-03-17 02:53:33,213 - [INFO] - from play in play-akka.actor.default-dispatcher-13 
database [default] connected at jdbc:mysql://localhost/thesolidaritynetwork

2012-03-17 02:53:33,222 - [INFO] - from play in play-akka.actor.default-dispatcher-13 
Application started (Dev)

2012-03-17 02:53:40,077 - [INFO] - from play in play-akka.actor.default-dispatcher-14 
database [default] connected at jdbc:mysql://localhost/thesolidaritynetwork

2012-03-17 02:53:40,082 - [INFO] - from play in play-akka.actor.default-dispatcher-14 
Application started (Dev)

2012-03-17 02:53:45,746 - [INFO] - from play in play-akka.actor.default-dispatcher-15 
database [default] connected at jdbc:mysql://localhost/thesolidaritynetwork

2012-03-17 02:53:45,753 - [INFO] - from play in play-akka.actor.default-dispatcher-15 
Application started (Dev)

2012-03-17 02:54:46,583 - [INFO] - from play in play-akka.actor.default-dispatcher-15 
database [default] connected at jdbc:mysql://localhost/thesolidaritynetwork

2012-03-17 02:54:46,589 - [INFO] - from play in play-akka.actor.default-dispatcher-15 
Application started (Dev)

2012-03-17 02:58:20,002 - [INFO] - from play in play-akka.actor.default-dispatcher-16 
database [default] connected at jdbc:mysql://localhost/thesolidaritynetwork

2012-03-17 02:58:20,008 - [INFO] - from play in play-akka.actor.default-dispatcher-16 
Application started (Dev)

